-------------------------------------
Beginning Export of Source Files
ErrorList.accdb
VCS Version 4.0.34
Full Path: C:\Users\fivex\Desktop\Databases\ErrorList.accdb
Export Folder: C:\Users\fivex\Desktop\Databases\ErrorList.accdb.src\
Performing Full Export
2024-12-13 11:31:40
-------------------------------------
Scanning source files...
No db connections found in this database.
No vbe forms found in this database.
No proj properties found in this database.
No saved specs found in this database.
No shared images found in this database.
No imex specs found in this database.
No tables found in this database.
No queries found in this database.
No macros found in this database.
No reports found in this database.
No table data found in this database.
No modules found in this database.
No table data macros found in this database.
No relations found in this database.
No hidden attributes found in this database.
-------------------------------------
Exporting project...          
  ErrorList.accdb
[1]
-------------------------------------
Exporting vb project...       
  ErrorList
[1]
-------------------------------------
Exporting vbe references...   
  stdole
[2]
-------------------------------------
Exporting themes...           
  Office 2013 - 2022 Theme
[1]
-------------------------------------
Exporting db properties...    
  Database Properties (DAO)
[51]
-------------------------------------
Exporting forms...            
  ErrorListF
    Sanitized in 0.008 seconds.
[1]
-------------------------------------
Exporting doc properties...   
  Database Documents
[2]
-------------------------------------
Exporting nav pane groups...  
  Groups
[1]
-------------------------------------
Done. (4.08 seconds)

--------------------------------------------------
                PERFORMANCE REPORTS
--------------------------------------------------
Category                      Count     Seconds
--------------------------------------------------
Forms                         1         2.94
VB Project                    1         0.27
DB Properties                 51        0.18
Nav Pane Groups               1         0.17
Project                       1         0.06
Themes                        1         0.05
Doc Properties                2         0.04
VBE References                2         0.04
DB Connections                0         0.03
Shared Images                 0         0.03
Relations                     0         0.01
Hidden Attributes             0         0.01
Proj Properties               0         0.01
IMEX Specs                    0         0.00
Tables                        0         0.00
Table Data Macros             0         0.00
Table Data                    0         0.00
Queries                       0         0.00
Modules                       0         0.00
VBE Forms                     0         0.00
Reports                       0         0.00
Macros                        0         0.00
Saved Specs                   0         0.00
--------------------------------------------------
TOTALS:                       60        3.85
--------------------------------------------------

--------------------------------------------------
Operations                    Count     Seconds
--------------------------------------------------
Scan DB Objects               1         0.39
Increment Progress            16        0.27
Convert to JSON               509       0.16
Quick Count Objects           1         0.09
Read File Bytes               2         0.07
Console Updates               3         0.04
App.SaveAsText()              1         0.03
Export Theme                  1         0.02
Delete File                   2         0.01
Quick Count Files             1         0.01
Sanitize File                 1         0.01
Write File                    8         0.01
Get File Property Hash        8         0.00
Compute SHA256                28        0.00
Verify Path                   10        0.00
Read File DevMode             1         0.00
Create Folder                 3         0.00
Get Modified Date             9         0.00
Read File                     1         0.00
Get VBA Hash                  1         0.00
Sanitize VBA Code             1         0.00
--------------------------------------------------
Other Operations                        2.96
--------------------------------------------------


